Flow report for Practica6_DivisorDeFrecuencia
Thu Oct 26 18:19:23 2023
Quartus II 64-Bit Version 13.1.0 Build 162 10/23/2013 SJ Web Edition


---------------------
; Table of Contents ;
---------------------
  1. Legal Notice
  2. Flow Summary
  3. Flow Settings
  4. Flow Non-Default Global Settings
  5. Flow Elapsed Time
  6. Flow OS Summary
  7. Flow Log
  8. Flow Messages
  9. Flow Suppressed Messages



----------------
; Legal Notice ;
----------------
Copyright (C) 1991-2013 Altera Corporation
Your use of Altera Corporation's design tools, logic functions 
and other software and tools, and its AMPP partner logic 
functions, and any output files from any of the foregoing 
(including device programming or simulation files), and any 
associated documentation or information are expressly subject 
to the terms and conditions of the Altera Program License 
Subscription Agreement, Altera MegaCore Function License 
Agreement, or other applicable license agreement, including, 
without limitation, that your use is for the sole purpose of 
programming logic devices manufactured by Altera and sold by 
Altera or its authorized distributors.  Please refer to the 
applicable agreement for further details.



+------------------------------------------------------------------------+
; Flow Summary                                                           ;
+---------------------------+--------------------------------------------+
; Flow Status               ; Successful - Thu Oct 26 18:19:23 2023      ;
; Quartus II 64-Bit Version ; 13.1.0 Build 162 10/23/2013 SJ Web Edition ;
; Revision Name             ; Practica6_DivisorDeFrecuencia              ;
; Top-level Entity Name     ; DIV                                        ;
; Family                    ; MAX II                                     ;
; Device                    ; EPM240T100C4                               ;
; Timing Models             ; Final                                      ;
; Total logic elements      ; 10 / 240 ( 4 % )                           ;
; Total pins                ; 2 / 80 ( 3 % )                             ;
; Total virtual pins        ; 0                                          ;
; UFM blocks                ; 0 / 1 ( 0 % )                              ;
+---------------------------+--------------------------------------------+


+---------------------------------------------------+
; Flow Settings                                     ;
+-------------------+-------------------------------+
; Option            ; Setting                       ;
+-------------------+-------------------------------+
; Start date & time ; 10/21/2023 22:36:21           ;
; Main task         ; Compilation                   ;
; Revision Name     ; Practica6_DivisorDeFrecuencia ;
+-------------------+-------------------------------+


+-------------------------------------------------------------------------------------------------------------------------------------------------------------------------------------------------------+
; Flow Non-Default Global Settings                                                                                                                                                                      ;
+---------------------------------------+------------------------------------------------------------------------------------------------+-------------------------------+-------------+----------------+
; Assignment Name                       ; Value                                                                                          ; Default Value                 ; Entity Name ; Section Id     ;
+---------------------------------------+------------------------------------------------------------------------------------------------+-------------------------------+-------------+----------------+
; COMPILER_SIGNATURE_ID                 ; 233497586882042.169794938126176                                                                ; --                            ; --          ; --             ;
; EDA_GENERATE_FUNCTIONAL_NETLIST       ; On                                                                                             ; --                            ; --          ; eda_simulation ;
; EDA_NETLIST_WRITER_OUTPUT_DIR         ; C:/Users/EnriqueMV/Desktop/Fes-Aragon/5toSemestre/lab_diseño_logico/Practica6/simulation/qsim/ ; --                            ; --          ; eda_simulation ;
; EDA_OUTPUT_DATA_FORMAT                ; Verilog Hdl                                                                                    ; --                            ; --          ; eda_simulation ;
; EDA_SIMULATION_TOOL                   ; ModelSim-Altera (Verilog)                                                                      ; <None>                        ; --          ; --             ;
; MAX_CORE_JUNCTION_TEMP                ; 85                                                                                             ; --                            ; --          ; --             ;
; MIN_CORE_JUNCTION_TEMP                ; 0                                                                                              ; --                            ; --          ; --             ;
; POWER_EXT_SUPPLY_VOLTAGE_TO_REGULATOR ; 3.3V                                                                                           ; --                            ; --          ; --             ;
; PROJECT_OUTPUT_DIRECTORY              ; output_files                                                                                   ; --                            ; --          ; --             ;
; TOP_LEVEL_ENTITY                      ; DIV                                                                                            ; Practica6_DivisorDeFrecuencia ; --          ; --             ;
+---------------------------------------+------------------------------------------------------------------------------------------------+-------------------------------+-------------+----------------+


+-------------------------------------------------------------------------------------------------------------------------------+
; Flow Elapsed Time                                                                                                             ;
+---------------------------+--------------+-------------------------+---------------------+------------------------------------+
; Module Name               ; Elapsed Time ; Average Processors Used ; Peak Virtual Memory ; Total CPU Time (on all processors) ;
+---------------------------+--------------+-------------------------+---------------------+------------------------------------+
; Analysis & Synthesis      ; 00:00:01     ; 1.0                     ; 4590 MB             ; 00:00:00                           ;
; Fitter                    ; 00:00:01     ; 1.0                     ; 4826 MB             ; 00:00:01                           ;
; Assembler                 ; 00:00:00     ; 1.0                     ; 4550 MB             ; 00:00:00                           ;
; TimeQuest Timing Analyzer ; 00:00:01     ; 1.0                     ; 4551 MB             ; 00:00:00                           ;
; EDA Netlist Writer        ; 00:00:01     ; 1.0                     ; 4509 MB             ; 00:00:00                           ;
; EDA Netlist Writer        ; 00:00:00     ; 1.0                     ; 4527 MB             ; 00:00:00                           ;
; EDA Netlist Writer        ; 00:00:01     ; 1.0                     ; 4527 MB             ; 00:00:00                           ;
; Total                     ; 00:00:05     ; --                      ; --                  ; 00:00:01                           ;
+---------------------------+--------------+-------------------------+---------------------+------------------------------------+


+----------------------------------------------------------------------------------------+
; Flow OS Summary                                                                        ;
+---------------------------+------------------+-----------+------------+----------------+
; Module Name               ; Machine Hostname ; OS Name   ; OS Version ; Processor type ;
+---------------------------+------------------+-----------+------------+----------------+
; Analysis & Synthesis      ; DESKTOP-O0AC03T  ; Windows 7 ; 6.2        ; x86_64         ;
; Fitter                    ; DESKTOP-O0AC03T  ; Windows 7 ; 6.2        ; x86_64         ;
; Assembler                 ; DESKTOP-O0AC03T  ; Windows 7 ; 6.2        ; x86_64         ;
; TimeQuest Timing Analyzer ; DESKTOP-O0AC03T  ; Windows 7 ; 6.2        ; x86_64         ;
; EDA Netlist Writer        ; DESKTOP-O0AC03T  ; Windows 7 ; 6.2        ; x86_64         ;
; EDA Netlist Writer        ; DESKTOP-O0AC03T  ; Windows 7 ; 6.2        ; x86_64         ;
; EDA Netlist Writer        ; DESKTOP-O0AC03T  ; Windows 7 ; 6.2        ; x86_64         ;
+---------------------------+------------------+-----------+------------+----------------+


------------
; Flow Log ;
------------
quartus_map --read_settings_files=on --write_settings_files=off Practica6_DivisorDeFrecuencia -c Practica6_DivisorDeFrecuencia
quartus_fit --read_settings_files=off --write_settings_files=off Practica6_DivisorDeFrecuencia -c Practica6_DivisorDeFrecuencia
quartus_asm --read_settings_files=off --write_settings_files=off Practica6_DivisorDeFrecuencia -c Practica6_DivisorDeFrecuencia
quartus_sta Practica6_DivisorDeFrecuencia -c Practica6_DivisorDeFrecuencia
quartus_eda --read_settings_files=off --write_settings_files=off Practica6_DivisorDeFrecuencia -c Practica6_DivisorDeFrecuencia
quartus_eda --gen_testbench --check_outputs=on --tool=modelsim_oem --format=verilog Practica6_DivisorDeFrecuencia -c Practica6_DivisorDeFrecuencia --vector_source=C:/Users/EnriqueMV/Desktop/Fes-Aragon/5toSemestre/lab_diseño_logico/Practica6/Waveform.vwf --testbench_file=C:/Users/EnriqueMV/Desktop/Fes-Aragon/5toSemestre/lab_diseño_logico/Practica6/simulation/qsim/Waveform.vwf.vt
quartus_eda --functional=on --flatten_buses=off --simulation=on --tool=modelsim_oem --format=verilog --output_directory=C:/Users/EnriqueMV/Desktop/Fes-Aragon/5toSemestre/lab_diseño_logico/Practica6/simulation/qsim/ Practica6_DivisorDeFrecuencia -c Practica6_DivisorDeFrecuencia



